<?xml version="1.0" encoding="UTF-8"?>
<!-- Generated by org.testng.reporters.JUnitXMLReporter -->
<testsuite ignored="2" hostname="DESKTOP-5I8QE3D" failures="0" tests="2" name="Test" time="0.204" errors="0" timestamp="2022-10-30T23:44:49 IST">
  <testcase classname="TestNGDemo.groups" name="tc1" time="0.032"/>
  <testcase classname="TestNGDemo.groups" name="tc3" time="0.006"/>
  <testcase classname="TestNGDemo.groups" name="tc2" time="0.0">
    <ignored/>
  </testcase> <!-- tc2 -->
  <testcase classname="TestNGDemo.groups" name="tc4" time="0.0">
    <ignored/>
  </testcase> <!-- tc4 -->
</testsuite> <!-- Test -->
