<?xml version="1.0" encoding="UTF-8"?>
<testng-results ignored="0" total="2" passed="2" failed="0" skipped="0">
  <reporter-output>
  </reporter-output>
  <suite started-at="2022-11-01T18:17:06 IST" name="Default suite" finished-at="2022-11-01T18:17:46 IST" duration-ms="40583">
    <groups>
    </groups>
    <test started-at="2022-11-01T18:17:06 IST" name="Default test" finished-at="2022-11-01T18:17:46 IST" duration-ms="40583">
      <class name="TestNGDemo.JSExecutor_Automation">
        <test-method is-config="true" signature="beforetest()[pri:0, instance:TestNGDemo.JSExecutor_Automation@662b4c69]" started-at="2022-11-01T18:17:06 IST" name="beforetest" finished-at="2022-11-01T18:17:18 IST" duration-ms="12729" status="PASS">
          <reporter-output>
          </reporter-output>
        </test-method> <!-- beforetest -->
        <test-method signature="test1()[pri:0, instance:TestNGDemo.JSExecutor_Automation@662b4c69]" started-at="2022-11-01T18:17:19 IST" name="test1" finished-at="2022-11-01T18:17:29 IST" duration-ms="10198" status="PASS">
          <reporter-output>
          </reporter-output>
        </test-method> <!-- test1 -->
        <test-method signature="test2()[pri:0, instance:TestNGDemo.JSExecutor_Automation@662b4c69]" started-at="2022-11-01T18:17:29 IST" name="test2" finished-at="2022-11-01T18:17:46 IST" duration-ms="17563" status="PASS">
          <reporter-output>
          </reporter-output>
        </test-method> <!-- test2 -->
      </class> <!-- TestNGDemo.JSExecutor_Automation -->
    </test> <!-- Default test -->
  </suite> <!-- Default suite -->
</testng-results>
